<?xml version="1.0" encoding="UTF-8"?>
<testsuite xmlns:xsi="http://www.w3.org/2001/XMLSchema-instance" xsi:noNamespaceSchemaLocation="https://maven.apache.org/surefire/maven-surefire-plugin/xsd/surefire-test-report-3.0.xsd" version="3.0" name="com.example.attendance.controller.AttendanceMarkIntegrationTest" time="11.181" tests="3" errors="0" skipped="0" failures="0">
  <properties>
[...]
</properties>
  <testcase name="testMarkAttendance_Success_WithinRadiusAndValidToken" classname="com.example.attendance.controller.AttendanceMarkIntegrationTest" time="0.886">
    <system-out><![CDATA[19:12:37.272 [main] INFO org.springframework.test.context.support.AnnotationConfigContextLoaderUtils -- Could not detect default configuration classes for test class [com.example.attendance.controller.AttendanceMarkIntegrationTest]: AttendanceMarkIntegrationTest does not declare any static, non-private, non-final, nested classes annotated with @Configuration.
19:12:37.511 [main] INFO org.springframework.boot.test.context.SpringBootTestContextBootstrapper -- Found @SpringBootConfiguration com.example.attendance.AttendanceApplication for test class com.example.attendance.controller.AttendanceMarkIntegrationTest
19:12:37.769 [main] INFO org.springframework.boot.devtools.restart.RestartApplicationListener -- Restart disabled due to context in which it is running

  .   ____          _            __ _ _
 /\\ / ___'_ __ _ _(_)_ __  __ _ \ \ \ \
( ( )\___ | '_ | '_| | '_ \/ _` | \ \ \ \
 \\/  ___)| |_)| | | | | || (_| |  ) ) ) )
  '  |____| .__|_| |_|_| |_\__, | / / / /
 =========|_|==============|___/=/_/_/_/

 :: Spring Boot ::                (v3.3.2)

2026-08-08T19:12:38.275+05:30  INFO 30368 --- [attendance] [           main] c.e.a.c.AttendanceMarkIntegrationTest    : Starting AttendanceMarkIntegrationTest using Java 22.0.1 with PID 30368 (started by kaush in C:\Users\kaush\Attendence)
2026-08-08T19:12:38.279+05:30  INFO 30368 --- [attendance] [           main] c.e.a.c.AttendanceMarkIntegrationTest    : No active profile set, falling back to 1 default profile: "default"
2026-08-08T19:12:39.929+05:30  INFO 30368 --- [attendance] [           main] .s.d.r.c.RepositoryConfigurationDelegate : Bootstrapping Spring Data JPA repositories in DEFAULT mode.
2026-08-08T19:12:40.070+05:30  INFO 30368 --- [attendance] [           main] .s.d.r.c.RepositoryConfigurationDelegate : Finished Spring Data repository scanning in 120 ms. Found 6 JPA repository interfaces.
2026-08-08T19:12:40.961+05:30  INFO 30368 --- [attendance] [           main] o.hibernate.jpa.internal.util.LogHelper  : HHH000204: Processing PersistenceUnitInfo [name: default]
2026-08-08T19:12:41.131+05:30  INFO 30368 --- [attendance] [           main] org.hibernate.Version                    : HHH000412: Hibernate ORM core version 6.5.2.Final
2026-08-08T19:12:41.229+05:30  INFO 30368 --- [attendance] [           main] o.h.c.internal.RegionFactoryInitiator    : HHH000026: Second-level cache disabled
2026-08-08T19:12:41.517+05:30  INFO 30368 --- [attendance] [           main] o.s.o.j.p.SpringPersistenceUnitInfo      : No LoadTimeWeaver setup: ignoring JPA class transformer
2026-08-08T19:12:41.570+05:30  INFO 30368 --- [attendance] [           main] com.zaxxer.hikari.HikariDataSource       : HikariPool-1 - Starting...
2026-08-08T19:12:41.896+05:30  INFO 30368 --- [attendance] [           main] com.zaxxer.hikari.pool.HikariPool        : HikariPool-1 - Added connection conn0: url=jdbc:h2:mem:testdb user=SA
2026-08-08T19:12:41.900+05:30  INFO 30368 --- [attendance] [           main] com.zaxxer.hikari.HikariDataSource       : HikariPool-1 - Start completed.
2026-08-08T19:12:41.969+05:30  WARN 30368 --- [attendance] [           main] org.hibernate.orm.deprecation            : HHH90000025: H2Dialect does not need to be specified explicitly using 'hibernate.dialect' (remove the property setting and it will be selected by default)
2026-08-08T19:12:42.994+05:30  INFO 30368 --- [attendance] [           main] o.h.e.t.j.p.i.JtaPlatformInitiator       : HHH000489: No JTA platform available (set 'hibernate.transaction.jta.platform' to enable JTA platform integration)
Hibernate: 
    create table assignments (
        id bigint generated by default as identity,
        class_name varchar(255) not null,
        description varchar(2000),
        due_date timestamp(6) not null,
        pdf_file_path varchar(255) not null,
        subject varchar(255) not null,
        title varchar(255) not null,
        uploaded_at timestamp(6) not null,
        teacher_id bigint not null,
        primary key (id)
    )
Hibernate: 
    create table attendance_records (
        id bigint generated by default as identity,
        manually_overridden boolean default false not null,
        marked_at timestamp(6) not null,
        override_reason varchar(500),
        status enum ('ABSENT','LATE','PRESENT') not null,
        student_lat float(53),
        student_lng float(53),
        student_wifi_ssid varchar(255),
        wifi_mismatch_warning boolean default false not null,
        overridden_by_id bigint,
        session_id bigint not null,
        student_id bigint not null,
        primary key (id)
    )
Hibernate: 
    create table class_courses (
        id bigint generated by default as identity,
        class_code varchar(255) not null,
        class_name varchar(255) not null,
        subject varchar(255) not null,
        teacher_id bigint not null,
        primary key (id)
    )
Hibernate: 
    create table class_sessions (
        id bigint generated by default as identity,
        active boolean not null,
        cancelled boolean default false not null,
        class_name varchar(255) not null,
        classroom_lat float(53) not null,
        classroom_lng float(53) not null,
        end_time timestamp(6) not null,
        expected_wifi_ssid varchar(255),
        passcode varchar(10),
        radius_meters float(53) not null,
        start_time timestamp(6) not null,
        subject varchar(255) default 'UNSPECIFIED' not null,
        class_course_id bigint,
        teacher_id bigint not null,
        primary key (id)
    )
Hibernate: 
    create table enrollments (
        id bigint generated by default as identity,
        enrolled_at timestamp(6) not null,
        class_course_id bigint not null,
        student_id bigint not null,
        primary key (id)
    )
Hibernate: 
    create table users (
        id bigint generated by default as identity,
        class_name varchar(255),
        current_session_id varchar(255),
        email varchar(255) not null,
        name varchar(255) not null,
        password varchar(255) not null,
        reset_token varchar(255),
        reset_token_expiry timestamp(6),
        role enum ('STUDENT','TEACHER') not null,
        username varchar(255) not null,
        primary key (id)
    )
Hibernate: 
    alter table if exists attendance_records 
       drop constraint if exists uk_session_student
Hibernate: 
    alter table if exists attendance_records 
       add constraint uk_session_student unique (session_id, student_id)
Hibernate: 
    alter table if exists class_courses 
       drop constraint if exists UK9a1u2c7y5nis3jh9ta72n6gn2
Hibernate: 
    alter table if exists class_courses 
       add constraint UK9a1u2c7y5nis3jh9ta72n6gn2 unique (class_code)
Hibernate: 
    alter table if exists enrollments 
       drop constraint if exists uk_student_class_course
Hibernate: 
    alter table if exists enrollments 
       add constraint uk_student_class_course unique (student_id, class_course_id)
Hibernate: 
    alter table if exists users 
       drop constraint if exists UK6dotkott2kjsp8vw4d0m25fb7
Hibernate: 
    alter table if exists users 
       add constraint UK6dotkott2kjsp8vw4d0m25fb7 unique (email)
Hibernate: 
    alter table if exists users 
       drop constraint if exists UKr43af9ap4edm43mmtq01oddj6
Hibernate: 
    alter table if exists users 
       add constraint UKr43af9ap4edm43mmtq01oddj6 unique (username)
Hibernate: 
    alter table if exists assignments 
       add constraint FK67msc7a52b0l2pttoq5bhm6bk 
       foreign key (teacher_id) 
       references users
Hibernate: 
    alter table if exists attendance_records 
       add constraint FKmgv1ppm9vg9vsb9u7ovgnhg3c 
       foreign key (overridden_by_id) 
       references users
Hibernate: 
    alter table if exists attendance_records 
       add constraint FKcakwynvlhm3v5xh5diwmy87qe 
       foreign key (session_id) 
       references class_sessions
Hibernate: 
    alter table if exists attendance_records 
       add constraint FKms9j38vjchi503h7j0nk0y1hp 
       foreign key (student_id) 
       references users
Hibernate: 
    alter table if exists class_courses 
       add constraint FKdc8sxvi8kg5318eh4gtni6vt3 
       foreign key (teacher_id) 
       references users
Hibernate: 
    alter table if exists class_sessions 
       add constraint FK1nhn1gpxvbjhi91hsamcpuxhd 
       foreign key (class_course_id) 
       references class_courses
Hibernate: 
    alter table if exists class_sessions 
       add constraint FKdh745a5qwc6wl7ecefin9mu7a 
       foreign key (teacher_id) 
       references users
Hibernate: 
    alter table if exists enrollments 
       add constraint FKpcfncf6rev87vp43g30fsuas1 
       foreign key (class_course_id) 
       references class_courses
Hibernate: 
    alter table if exists enrollments 
       add constraint FK2lha5vwilci2yi3vu5akusx4a 
       foreign key (student_id) 
       references users
2026-08-08T19:12:43.079+05:30  INFO 30368 --- [attendance] [           main] j.LocalContainerEntityManagerFactoryBean : Initialized JPA EntityManagerFactory for persistence unit 'default'
2026-08-08T19:12:43.860+05:30  INFO 30368 --- [attendance] [           main] o.s.d.j.r.query.QueryEnhancerFactory     : Hibernate is in classpath; If applicable, HQL parser will be used.
2026-08-08T19:12:45.106+05:30  INFO 30368 --- [attendance] [           main] r$InitializeUserDetailsManagerConfigurer : Global AuthenticationManager configured with UserDetailsService bean with name customUserDetailsService
2026-08-08T19:12:45.472+05:30  WARN 30368 --- [attendance] [           main] JpaBaseConfiguration$JpaWebConfiguration : spring.jpa.open-in-view is enabled by default. Therefore, database queries may be performed during view rendering. Explicitly configure spring.jpa.open-in-view to disable this warning
2026-08-08T19:12:45.666+05:30  INFO 30368 --- [attendance] [           main] o.s.b.a.w.s.WelcomePageHandlerMapping    : Adding welcome page: class path resource [static/index.html]
2026-08-08T19:12:46.910+05:30  INFO 30368 --- [attendance] [           main] o.s.b.t.m.w.SpringBootMockServletContext : Initializing Spring TestDispatcherServlet ''
2026-08-08T19:12:46.910+05:30  INFO 30368 --- [attendance] [           main] o.s.t.web.servlet.TestDispatcherServlet  : Initializing Servlet ''
2026-08-08T19:12:46.911+05:30  INFO 30368 --- [attendance] [           main] o.s.t.web.servlet.TestDispatcherServlet  : Completed initialization in 1 ms
2026-08-08T19:12:46.950+05:30  INFO 30368 --- [attendance] [           main] c.e.a.c.AttendanceMarkIntegrationTest    : Started AttendanceMarkIntegrationTest in 9.197 seconds (process running for 12.598)
Hibernate: 
    select
        ar1_0.id,
        ar1_0.manually_overridden,
        ar1_0.marked_at,
        ar1_0.overridden_by_id,
        ar1_0.override_reason,
        ar1_0.session_id,
        ar1_0.status,
        ar1_0.student_id,
        ar1_0.student_lat,
        ar1_0.student_lng,
        ar1_0.student_wifi_ssid,
        ar1_0.wifi_mismatch_warning 
    from
        attendance_records ar1_0
Hibernate: 
    select
        cs1_0.id,
        cs1_0.active,
        cs1_0.cancelled,
        cs1_0.class_course_id,
        cs1_0.class_name,
        cs1_0.classroom_lat,
        cs1_0.classroom_lng,
        cs1_0.end_time,
        cs1_0.expected_wifi_ssid,
        cs1_0.passcode,
        cs1_0.radius_meters,
        cs1_0.start_time,
        cs1_0.subject,
        cs1_0.teacher_id 
    from
        class_sessions cs1_0 
    where
        cs1_0.active 
        and cs1_0.end_time<?
Hibernate: 
    select
        cs1_0.id,
        cs1_0.active,
        cs1_0.cancelled,
        cs1_0.class_course_id,
        cs1_0.class_name,
        cs1_0.classroom_lat,
        cs1_0.classroom_lng,
        cs1_0.end_time,
        cs1_0.expected_wifi_ssid,
        cs1_0.passcode,
        cs1_0.radius_meters,
        cs1_0.start_time,
        cs1_0.subject,
        cs1_0.teacher_id 
    from
        class_sessions cs1_0
Hibernate: 
    select
        u1_0.id,
        u1_0.class_name,
        u1_0.current_session_id,
        u1_0.email,
        u1_0.name,
        u1_0.password,
        u1_0.reset_token,
        u1_0.reset_token_expiry,
        u1_0.role,
        u1_0.username 
    from
        users u1_0 
    where
        upper(u1_0.username)=upper(?)
Hibernate: 
    insert 
    into
        users
        (class_name, current_session_id, email, name, password, reset_token, reset_token_expiry, role, username, id) 
    values
        (?, ?, ?, ?, ?, ?, ?, ?, ?, default)
Hibernate: 
    select
        u1_0.id,
        u1_0.class_name,
        u1_0.current_session_id,
        u1_0.email,
        u1_0.name,
        u1_0.password,
        u1_0.reset_token,
        u1_0.reset_token_expiry,
        u1_0.role,
        u1_0.username 
    from
        users u1_0 
    where
        upper(u1_0.username)=upper(?)
Hibernate: 
    insert 
    into
        users
        (class_name, current_session_id, email, name, password, reset_token, reset_token_expiry, role, username, id) 
    values
        (?, ?, ?, ?, ?, ?, ?, ?, ?, default)
Hibernate: 
    insert 
    into
        class_sessions
        (active, cancelled, class_course_id, class_name, classroom_lat, classroom_lng, end_time, expected_wifi_ssid, passcode, radius_meters, start_time, subject, teacher_id, id) 
    values
        (?, ?, ?, ?, ?, ?, ?, ?, ?, ?, ?, ?, ?, default)
Hibernate: 
    update
        users 
    set
        class_name=?,
        current_session_id=?,
        email=?,
        name=?,
        password=?,
        reset_token=?,
        reset_token_expiry=?,
        role=?,
        username=? 
    where
        id=?
Hibernate: 
    select
        u1_0.id,
        u1_0.class_name,
        u1_0.current_session_id,
        u1_0.email,
        u1_0.name,
        u1_0.password,
        u1_0.reset_token,
        u1_0.reset_token_expiry,
        u1_0.role,
        u1_0.username 
    from
        users u1_0 
    where
        upper(u1_0.username)=upper(?)
Hibernate: 
    select
        u1_0.id,
        u1_0.class_name,
        u1_0.current_session_id,
        u1_0.email,
        u1_0.name,
        u1_0.password,
        u1_0.reset_token,
        u1_0.reset_token_expiry,
        u1_0.role,
        u1_0.username 
    from
        users u1_0 
    where
        upper(u1_0.username)=upper(?)
Hibernate: 
    select
        u1_0.id,
        u1_0.class_name,
        u1_0.current_session_id,
        u1_0.email,
        u1_0.name,
        u1_0.password,
        u1_0.reset_token,
        u1_0.reset_token_expiry,
        u1_0.role,
        u1_0.username 
    from
        users u1_0 
    where
        upper(u1_0.username)=upper(?)
Hibernate: 
    select
        ar1_0.id 
    from
        attendance_records ar1_0 
    where
        ar1_0.session_id=? 
        and ar1_0.student_id=? 
    fetch
        first ? rows only
Hibernate: 
    insert 
    into
        attendance_records
        (manually_overridden, marked_at, overridden_by_id, override_reason, session_id, status, student_id, student_lat, student_lng, student_wifi_ssid, wifi_mismatch_warning, id) 
    values
        (?, ?, ?, ?, ?, ?, ?, ?, ?, ?, ?, default)

MockHttpServletRequest:
      HTTP Method = POST
      Request URI = /attendance/mark
       Parameters = {}
          Headers = [Content-Type:"application/json;charset=UTF-8", Authorization:"Bearer eyJhbGciOiJIUzM4NCJ9.eyJzdWIiOiJzdHVkZW50X3Rlc3QiLCJ1c2VySWQiOjIsInJvbGUiOiJTVFVERU5UIiwic2Vzc2lvbklkIjoiZTdiOGVkMTEtNmQ3ZS00NDk0LWE0NzItN2NjNGEwZGRjMGFkIiwiaWF0IjoxNzg2MTk2NTY3LCJleHAiOjE3ODYyODI5Njd9.VCes9jXDnU2Pk6hK53-htsfNmJtf6zgbn5v7Te2AzelXXtWz_5GCtdtW1U5O5W7e", Content-Length:"182"]
             Body = {"qrToken":"1:f1f2ab07ad2bd350d3932cdf854cb6526b6d1fc3740bf1905449147b83c72892","studentLat":12.9716,"studentLng":77.5946,"sessionId":1,"bypassLocation":false,"studentWifiSsid":null}
    Session Attrs = {}

Handler:
             Type = com.example.attendance.controller.AttendanceController
           Method = com.example.attendance.controller.AttendanceController#markAttendance(MarkAttendanceRequest, Principal)

Async:
    Async started = false
     Async result = null

Resolved Exception:
             Type = null

ModelAndView:
        View name = null
             View = null
            Model = null

FlashMap:
       Attributes = null

MockHttpServletResponse:
           Status = 201
    Error message = null
          Headers = [Vary:"Origin", "Access-Control-Request-Method", "Access-Control-Request-Headers", Content-Type:"application/json", X-Content-Type-Options:"nosniff", X-XSS-Protection:"0", Cache-Control:"no-cache, no-store, max-age=0, must-revalidate", Pragma:"no-cache", Expires:"0", X-Frame-Options:"DENY"]
     Content type = application/json
             Body = {"id":1,"session":{"id":1,"teacher":{"id":1,"name":"Prof. Smith","username":"teacher_test","email":"teacher_test@example.com","role":"TEACHER","className":null,"currentSessionId":null,"resetToken":null,"resetTokenExpiry":null},"classCourse":null,"className":"CS101","subject":"Computer Science","startTime":"2026-08-08T19:07:47.5683649","endTime":"2026-08-08T20:07:47.5683649","classroomLat":12.9716,"classroomLng":77.5946,"radiusMeters":50.0,"active":true,"passcode":"123456","expectedWifiSsid":null,"cancelled":false},"student":{"id":2,"name":"Alice Student","username":"student_test","email":"student_test@example.com","role":"STUDENT","className":null,"currentSessionId":"e7b8ed11-6d7e-4494-a472-7cc4a0ddc0ad","resetToken":null,"resetTokenExpiry":null},"markedAt":"2026-08-08T19:12:47.767754","studentLat":12.9716,"studentLng":77.5946,"status":"PRESENT","manuallyOverridden":false,"overrideReason":null,"overriddenBy":null,"studentWifiSsid":null,"wifiMismatchWarning":false}
    Forwarded URL = null
   Redirected URL = null
          Cookies = []
Hibernate: 
    select
        count(*) 
    from
        attendance_records ar1_0
]]></system-out>
  </testcase>
  <testcase name="testMarkAttendance_Rejection_OutOfRadius" classname="com.example.attendance.controller.AttendanceMarkIntegrationTest" time="0.192">
    <system-out><![CDATA[Hibernate: 
    select
        ar1_0.id,
        ar1_0.manually_overridden,
        ar1_0.marked_at,
        ar1_0.overridden_by_id,
        ar1_0.override_reason,
        ar1_0.session_id,
        ar1_0.status,
        ar1_0.student_id,
        ar1_0.student_lat,
        ar1_0.student_lng,
        ar1_0.student_wifi_ssid,
        ar1_0.wifi_mismatch_warning 
    from
        attendance_records ar1_0
Hibernate: 
    select
        cs1_0.id,
        cs1_0.active,
        cs1_0.cancelled,
        cs1_0.class_course_id,
        cs1_0.class_name,
        cs1_0.classroom_lat,
        cs1_0.classroom_lng,
        cs1_0.end_time,
        cs1_0.expected_wifi_ssid,
        cs1_0.passcode,
        cs1_0.radius_meters,
        cs1_0.start_time,
        cs1_0.subject,
        cs1_0.teacher_id 
    from
        class_sessions cs1_0
Hibernate: 
    select
        u1_0.id,
        u1_0.class_name,
        u1_0.current_session_id,
        u1_0.email,
        u1_0.name,
        u1_0.password,
        u1_0.reset_token,
        u1_0.reset_token_expiry,
        u1_0.role,
        u1_0.username 
    from
        users u1_0 
    where
        upper(u1_0.username)=upper(?)
Hibernate: 
    insert 
    into
        users
        (class_name, current_session_id, email, name, password, reset_token, reset_token_expiry, role, username, id) 
    values
        (?, ?, ?, ?, ?, ?, ?, ?, ?, default)
Hibernate: 
    select
        u1_0.id,
        u1_0.class_name,
        u1_0.current_session_id,
        u1_0.email,
        u1_0.name,
        u1_0.password,
        u1_0.reset_token,
        u1_0.reset_token_expiry,
        u1_0.role,
        u1_0.username 
    from
        users u1_0 
    where
        upper(u1_0.username)=upper(?)
Hibernate: 
    insert 
    into
        users
        (class_name, current_session_id, email, name, password, reset_token, reset_token_expiry, role, username, id) 
    values
        (?, ?, ?, ?, ?, ?, ?, ?, ?, default)
Hibernate: 
    insert 
    into
        class_sessions
        (active, cancelled, class_course_id, class_name, classroom_lat, classroom_lng, end_time, expected_wifi_ssid, passcode, radius_meters, start_time, subject, teacher_id, id) 
    values
        (?, ?, ?, ?, ?, ?, ?, ?, ?, ?, ?, ?, ?, default)
Hibernate: 
    update
        users 
    set
        class_name=?,
        current_session_id=?,
        email=?,
        name=?,
        password=?,
        reset_token=?,
        reset_token_expiry=?,
        role=?,
        username=? 
    where
        id=?
Hibernate: 
    select
        u1_0.id,
        u1_0.class_name,
        u1_0.current_session_id,
        u1_0.email,
        u1_0.name,
        u1_0.password,
        u1_0.reset_token,
        u1_0.reset_token_expiry,
        u1_0.role,
        u1_0.username 
    from
        users u1_0 
    where
        upper(u1_0.username)=upper(?)
Hibernate: 
    select
        u1_0.id,
        u1_0.class_name,
        u1_0.current_session_id,
        u1_0.email,
        u1_0.name,
        u1_0.password,
        u1_0.reset_token,
        u1_0.reset_token_expiry,
        u1_0.role,
        u1_0.username 
    from
        users u1_0 
    where
        upper(u1_0.username)=upper(?)
Hibernate: 
    select
        count(*) 
    from
        attendance_records ar1_0
]]></system-out>
  </testcase>
  <testcase name="testMarkAttendance_Rejection_ExpiredOrInvalidToken" classname="com.example.attendance.controller.AttendanceMarkIntegrationTest" time="0.156">
    <system-out><![CDATA[Hibernate: 
    select
        ar1_0.id,
        ar1_0.manually_overridden,
        ar1_0.marked_at,
        ar1_0.overridden_by_id,
        ar1_0.override_reason,
        ar1_0.session_id,
        ar1_0.status,
        ar1_0.student_id,
        ar1_0.student_lat,
        ar1_0.student_lng,
        ar1_0.student_wifi_ssid,
        ar1_0.wifi_mismatch_warning 
    from
        attendance_records ar1_0
Hibernate: 
    select
        cs1_0.id,
        cs1_0.active,
        cs1_0.cancelled,
        cs1_0.class_course_id,
        cs1_0.class_name,
        cs1_0.classroom_lat,
        cs1_0.classroom_lng,
        cs1_0.end_time,
        cs1_0.expected_wifi_ssid,
        cs1_0.passcode,
        cs1_0.radius_meters,
        cs1_0.start_time,
        cs1_0.subject,
        cs1_0.teacher_id 
    from
        class_sessions cs1_0
Hibernate: 
    select
        u1_0.id,
        u1_0.class_name,
        u1_0.current_session_id,
        u1_0.email,
        u1_0.name,
        u1_0.password,
        u1_0.reset_token,
        u1_0.reset_token_expiry,
        u1_0.role,
        u1_0.username 
    from
        users u1_0 
    where
        upper(u1_0.username)=upper(?)
Hibernate: 
    insert 
    into
        users
        (class_name, current_session_id, email, name, password, reset_token, reset_token_expiry, role, username, id) 
    values
        (?, ?, ?, ?, ?, ?, ?, ?, ?, default)
Hibernate: 
    select
        u1_0.id,
        u1_0.class_name,
        u1_0.current_session_id,
        u1_0.email,
        u1_0.name,
        u1_0.password,
        u1_0.reset_token,
        u1_0.reset_token_expiry,
        u1_0.role,
        u1_0.username 
    from
        users u1_0 
    where
        upper(u1_0.username)=upper(?)
Hibernate: 
    insert 
    into
        users
        (class_name, current_session_id, email, name, password, reset_token, reset_token_expiry, role, username, id) 
    values
        (?, ?, ?, ?, ?, ?, ?, ?, ?, default)
Hibernate: 
    insert 
    into
        class_sessions
        (active, cancelled, class_course_id, class_name, classroom_lat, classroom_lng, end_time, expected_wifi_ssid, passcode, radius_meters, start_time, subject, teacher_id, id) 
    values
        (?, ?, ?, ?, ?, ?, ?, ?, ?, ?, ?, ?, ?, default)
Hibernate: 
    update
        users 
    set
        class_name=?,
        current_session_id=?,
        email=?,
        name=?,
        password=?,
        reset_token=?,
        reset_token_expiry=?,
        role=?,
        username=? 
    where
        id=?
Hibernate: 
    select
        u1_0.id,
        u1_0.class_name,
        u1_0.current_session_id,
        u1_0.email,
        u1_0.name,
        u1_0.password,
        u1_0.reset_token,
        u1_0.reset_token_expiry,
        u1_0.role,
        u1_0.username 
    from
        users u1_0 
    where
        upper(u1_0.username)=upper(?)
Hibernate: 
    select
        u1_0.id,
        u1_0.class_name,
        u1_0.current_session_id,
        u1_0.email,
        u1_0.name,
        u1_0.password,
        u1_0.reset_token,
        u1_0.reset_token_expiry,
        u1_0.role,
        u1_0.username 
    from
        users u1_0 
    where
        upper(u1_0.username)=upper(?)
Hibernate: 
    select
        count(*) 
    from
        attendance_records ar1_0
]]></system-out>
  </testcase>
</testsuite>